
=== Giáo trình (target 28) ===
  + GT001 [26KB] The C Programming Language
  + GT002 [39KB] The C++ programming language
  + GT003 [23KB] C programming
  + GT004 [28KB] C++ Programming
  + GT005 [20KB] Let us C
  + GT006 [32KB] Practical C Programming
  + GT007 [30KB] C++ programming
  + GT008 [29KB] The Waite Group's Turbo C programming for the PC
  + GT009 [43KB] Introduction to C Programming
  + GT010 [32KB] C Programming Absolute Beginner's Guide
  + GT011 [31KB] C++ program design
  + GT012 [19KB] Advanced C programming by example
  + GT014 [35KB] C programming
  + GT015 [36KB] The Waite Group's C programming using Turbo C++
  + GT016 [67KB] Introduction to C Programming
  + GT017 [34KB] C program design for engineers
  + GT018 [21KB] Expert C programming!
  + GT019 [7KB] C programming for embedded systems
  + GT020 [35KB] Let us C
  + GT021 [5KB] Mastering C Programs
  + GT022 [63KB] Object-oriented Programming with C++
  + GT023 [14KB] Fundamentals of C++ Programming
  + GT024 [22KB] The C answer book
  + GT025 [34KB] Introduction to Java Programming
  + GT026 [4KB] Java Programming
  + GT027 [34KB] Effective Java
  + GT028 [38KB] Big Java
  + GT029 [43KB] The Java programming language
  => Giáo trình: 28 books

=== Sách tham khảo (target 28) ===
  + TK001 [29KB] Clean Code
  + TK002 [30KB] Código Limpo. Habilidades Práticas Do Agile Softwa
  + TK003 [45KB] Clean Code in Python
  + TK004 [50KB] Clean Code
  + TK005 [57KB] The clean coder
  + TK006 [56KB] Clean Code in JavaScript
  + TK007 [44KB] Clean Code fur Dummies
  + TK008 [40KB] Clean Code in PHP
  + TK009 [44KB] Clean Code in C#
  + TK010 [69KB] Hands-On Software Engineering with Golang
  + TK011 [18KB] Clean Coding in Turbo Pascal 6
  + TK012 [50KB] Art of Clean Code
  + TK013 [35KB] Design Patterns
  + TK014 [49KB] Head First design patterns
  + TK015 [23KB] Software Engineering
  + TK016 [26KB] Software Engineering
  + TK017 [35KB] Enterprise integration patterns
  + TK018 [14KB] Software modeling and design
  + TK019 [32KB] Making Embedded Systems
  + TK020 [51KB] JavaScript Patterns
  + TK021 [57KB] Patternmaking and Grading Using Gerber's AccuMark 
  + TK022 [34KB] Object Oriented Design and Patterns
  + TK023 [32KB] Patterns of Enterprise Application Architecture
  + TK024 [21KB] Design patterns explained
  + TK025 [10KB] Designing interfaces
  + TK026 [52KB] Mastering Python Design Patterns
  + TK027 [62KB] Design Patterns. Elements of Reusable Object-orien
  + TK028 [32KB] Python 3 object oriented programming
  => Sách tham khảo: 28 books

=== Sách khác (target 28) ===
  + SK001 [42KB] Má̆t bié̂c
  + SK002 [16KB] Tôi thấy hoa vàng trên cỏ xanh
  + SK003 [51KB] Có hai con mèo ngồi bên cửa sổ
  + SK004 [21KB] O Alquimista
  + SK005 [36KB] Nhà giả kim
  + SK006 [52KB] Tuoi tho du doi
  + SK007 [35KB] How to Win Friends and Influence People
  + SK008 [20KB] Rich dad's guide to investing
  + SK009 [23KB] Vingt mille lieues sous les mers
  + SK010 [20KB] Voyage au Centre de la Terre
  + SK011 [58KB] Harry Potter and the Philosopher's Stone
  + SK012 [51KB] Harry Potter and the Chamber of Secrets
  + SK013 [58KB] Harry Potter and the Prisoner of Azkaban
  + SK014 [43KB] Harry Potter and the Goblet of Fire
  + SK015 [48KB] Harry Potter and the Order of the Phoenix
  + SK016 [54KB] Harry Potter and the Half-Blood Prince
  + SK017 [5KB] Kim Vân Kiè̂u
  + SK018 [36KB] Le petit prince
  + SK019 [101KB] Tôi thấy hoa vàng trên cỏ xanh
  + SK020 [54KB] I See Yellow Flowers in the Green Grass
  + SK021 [32KB] Cảm Ơn Người Lớn
  + SK023 [22KB] Ticket to Childhood
  + SK024 [45KB] Atomic Habits
  + SK025 [37KB] Companion Workbook : Atomic Habits
  + SK026 [14KB] Atomic Habits Journal
  + SK027 [27KB] Summary of Atomic Habits by James Clear
  + SK028 [66KB] Summary of Atomic Habits
  + SK029 [39KB] SUMMARY : ATOMIC HABITS
  => Sách khác: 28 books

=== Báo/tạp chí (target 28) ===
  + BC001 [23KB] The 2nd Scientific American Book of Mathematical P
  + BC002 [31KB] The Scientific American Book of Mathematical Puzzl
  + BC003 [4KB] Molecules
  + BC004 [32KB] Mathematical Circus
  + BC005 [17KB] Earth
  + BC006 [69KB] Scientific technology and social change
  + BC007 [34KB] Mathematics in the modern world
  + BC008 [32KB] Evolution
  + BC009 [44KB] New Mathematical Diversions from Scientific Americ
  + BC010 [55KB] Scientific American Environmental Science for a Ch
  + BC011 [79KB] Scientific American Nutrition for a Changing World
  + BC012 [37KB] Understanding Artificial Intelligence (Science Mad
  + BC013 [21KB] Oceans
  + BC014 [21KB] Particle physics in the cosmos
  + BC015 [24KB] Psychology
  + BC016 [33KB] Understanding Cosmology (Science Made Accessible)
  + BC017 [48KB] Mathematical magic show
  + BC018 [63KB] National Geographic Readers
  + BC019 [69KB] National Geographic Kids Almanac
  + BC020 [45KB] Language, Literacy and Vocabulary - Reading Expedi
  + BC021 [66KB] National Geographic encyclopedia of space
  + BC022 [47KB] National Geographic Readers
  + BC023 [54KB] National Geographic Readers
  + BC024 [55KB] National Geographic Readers
  + BC025 [46KB] National Geographic Readers
  + BC026 [54KB] National Geographic Kids Readers
  + BC027 [72KB] Explorer Books
  + BC028 [31KB] National Geographic Traveler
  => Báo/tạp chí: 28 books

=== Bài nghiên cứu (target 28) ===
  + NC001 [105KB] Deep Learning
  + NC002 [38KB] Artificial intelligence
  + NC003 [16KB] Artificial Intelligence Modern Approach 2 nd ed. /
  + NC004 [17KB] Multiagent Systems
  + NC005 [32KB] Intelligent Systems
  + NC006 [48KB] Artificial Intelligence and Machine Learning for B
  + NC007 [41KB] Artificial Intelligence a Modern Approach
  + NC008 [17KB] Modern Approaches in Applied Intelligence
       
  + NC009 [43KB] Artificial Intelligence Business Applications
  + NC010 [58KB] Pattern Recognition and Machine Learning (Informat
  + NC011 [90KB] Pattern Recognition and Machine Learning
  + NC012 [21KB] Pattern recognition and machine learning
  + NC013 [27KB] Fundamentals of Pattern Recognition and Machine Le
  + NC014 [37KB] Mathematical Methodologies in Pattern Recognition 
  + NC015 [30KB] Pattern recognition and machine learning
  + NC016 [15KB] Pattern Recognition and Machine Learning
  + NC017 [32KB] Sequential Methods in Pattern Recognition and Mach
  + NC018 [21KB] Mathematical Methodologies In Pattern Recognition 
  + NC019 [27KB] Introduction to information retrieval
  + NC020 [7KB] Organizing knowledge
  + NC021 [7KB] Organising Knowledge
  + NC022 [32KB] Introduction to Information Retrieval and Quantum 
  + NC024 [67KB] Text Data Management and Analysis
  + NC026 [23KB] Introduction to information systems
  + NC027 [44KB] Xin xi jian suo dao lun
  + NC028 [28KB] Cram101 Textbook Outlines To Accompany An Introduc
  + NC031 [19KB] Introduction to modern information retrieval
  + NC032 [32KB] Accounting information systems
  => Bài nghiên cứu: 28 books

TOTAL 140 books -> E:\LTHDT_OOP\TL CK\scripts\harvested_books.json
